=== Suite started at 2014-08-22 14:26:36
=== Starting test, 7 test cases
=cases         7
=user          inaka
=host          hendrix
=hosts         hendrix 
=emulator_vsn  6.1
=emulator      beam
=otp_release   17
=started       2014-08-22 14:26:36
=case          ct_framework:init_per_suite
=logfile       ct_framework.init_per_suite.html
=group_props   [{suite,fiar_core_SUITE}]
=started       2014-08-22 14:26:36
=ended         2014-08-22 14:26:36
=result        ok
=elapsed       1.0e-6
=case          fiar_core_SUITE:empty
=logfile       fiar_core_suite.empty.html
=started       2014-08-22 14:26:36
=ended         2014-08-22 14:26:36
=result        ok
=elapsed       0.001278
=case          fiar_core_SUITE:invalid
=logfile       fiar_core_suite.invalid.html
=started       2014-08-22 14:26:36
=ended         2014-08-22 14:26:36
=result        ok
=elapsed       1.05e-4
=case          fiar_core_SUITE:drawn
=logfile       fiar_core_suite.drawn.html
=started       2014-08-22 14:26:36
=ended         2014-08-22 14:26:36
=result        ok
=elapsed       7.64e-4
=case          fiar_core_SUITE:wins_vertically
=logfile       fiar_core_suite.wins_vertically.html
=started       2014-08-22 14:26:36
=ended         2014-08-22 14:26:36
=result        ok
=elapsed       7.4e-5
=case          fiar_core_SUITE:wins_horizontally
=logfile       fiar_core_suite.wins_horizontally.html
=started       2014-08-22 14:26:36
=ended         2014-08-22 14:26:36
=result        ok
=elapsed       9.5e-5
=case          fiar_core_SUITE:wins_right_diagonally
=logfile       fiar_core_suite.wins_right_diagonally.html
=started       2014-08-22 14:26:36
=ended         2014-08-22 14:26:36
=result        ok
=elapsed       1.67e-4
=case          fiar_core_SUITE:wins_left_diagonally
=logfile       fiar_core_suite.wins_left_diagonally.html
=started       2014-08-22 14:26:36
=ended         2014-08-22 14:26:36
=result        ok
=elapsed       2.11e-4
=case          ct_framework:end_per_suite
=logfile       ct_framework.end_per_suite.html
=group_props   [{suite,fiar_core_SUITE}]
=started       2014-08-22 14:26:36
=ended         2014-08-22 14:26:36
=result        ok
=elapsed       1.0e-6
=group_time    0.279s
=== TEST COMPLETE, 7 ok, 0 failed of 7 test cases

=finished      2014-08-22 14:26:36
=failed        0
=successful    7
=user_skipped  0
=auto_skipped  0
